
           ####      G N O M             Version 5.0 (r11116)      ####
                                               Wed Aug 28 11:27:31 2019

           ####      Configuration                                 ####

    System Type:                   arbitrary monodisperse (job = 0)
    Minimum characteristic size:         0.0000
    Maximum characteristic size:       186.9100
    rad56:                               0.0000
    Force 0.0 at r = rmin:                  yes
    Force 0.0 at r = rmax:                  yes
    Initial alpha:                       0.0000
    Initial random seed:    3674038415905476698
    Points in real space:                    71

    Input  1:                      processed/IgG_0152-0159s.dat
    First data point used:                    3
    Last data point used:                    82
    Scaling coefficient:             0.1000E+01
    Experimental setup:            point collimation



           ####      Results                                       ####

    Parameter    DISCRP  OSCILL  STABIL  SYSDEV  POSITV  VALCEN  SMOOTH
    Weight        1.000   3.000   3.000   3.000   1.000   1.000   1.000
    Sigma         0.300   0.600   0.120   0.120   0.120   0.120   0.600
    Ideal         0.700   1.100   0.000   1.000   1.000   0.950   0.000
    Current       0.908   1.438   0.005   0.911   1.000   0.853   0.750
               --------------------------------------------------------
    Estimate      0.619   0.728   0.999   1.000   1.000   0.518   0.209

    Angular range:                       0.0070 to       0.1550
    Reciprocal space Rg:             0.5203E+02
    Reciprocal space I(0):           0.1167E+03

    Real space range:                    0.0000 to     186.9100
    Real space Rg:                   0.5208E+02 +-   0.2393E+00
    Real space I(0):                 0.1167E+03 +-   0.3873E+00

    Highest ALPHA (theor):           0.5191E+07
    Current ALPHA:                   0.7374E+01

    Total Estimate:                      0.8097 (a GOOD solution)



           ####      Experimental Data and Fit                     ####

      S          J EXP       ERROR       J REG       I REG

   0.000000E+00                                                0.116678E+03
   0.100000E-02                                                0.116572E+03
   0.200000E-02                                                0.116257E+03
   0.300000E-02                                                0.115733E+03
   0.400000E-02                                                0.115004E+03
   0.500000E-02                                                0.114074E+03
   0.600000E-02                                                0.112949E+03
   0.700000E-02   0.111593E+03   0.605616E+01   0.111636E+03   0.111636E+03
   0.800000E-02   0.111866E+03   0.339961E+01   0.110143E+03   0.110143E+03
   0.900000E-02   0.108984E+03   0.217491E+01   0.108477E+03   0.108477E+03
   0.100000E-01   0.108460E+03   0.166725E+01   0.106650E+03   0.106650E+03
   0.110000E-01   0.104530E+03   0.113126E+01   0.104672E+03   0.104672E+03
   0.120000E-01   0.102394E+03   0.857540E+00   0.102553E+03   0.102553E+03
   0.130000E-01   0.100401E+03   0.682070E+00   0.100305E+03   0.100305E+03
   0.140000E-01   0.986950E+02   0.587280E+00   0.979417E+02   0.979417E+02
   0.150000E-01   0.968224E+02   0.525540E+00   0.954742E+02   0.954742E+02
   0.160000E-01   0.932005E+02   0.477340E+00   0.929159E+02   0.929159E+02
   0.170000E-01   0.900482E+02   0.418410E+00   0.902797E+02   0.902797E+02
   0.180000E-01   0.876557E+02   0.408370E+00   0.875787E+02   0.875787E+02
   0.190000E-01   0.856201E+02   0.375020E+00   0.848256E+02   0.848256E+02
   0.200000E-01   0.816336E+02   0.354610E+00   0.820334E+02   0.820334E+02
   0.210000E-01   0.791222E+02   0.330870E+00   0.792144E+02   0.792144E+02
   0.220000E-01   0.763479E+02   0.310510E+00   0.763807E+02   0.763807E+02
   0.230000E-01   0.736134E+02   0.286050E+00   0.735439E+02   0.735439E+02
   0.240000E-01   0.701705E+02   0.272330E+00   0.707151E+02   0.707151E+02
   0.250000E-01   0.676631E+02   0.279270E+00   0.679048E+02   0.679048E+02
   0.260000E-01   0.650822E+02   0.255770E+00   0.651228E+02   0.651228E+02
   0.270000E-01   0.621219E+02   0.246610E+00   0.623784E+02   0.623784E+02
   0.280000E-01   0.596768E+02   0.231030E+00   0.596800E+02   0.596800E+02
   0.290000E-01   0.570733E+02   0.226210E+00   0.570351E+02   0.570351E+02
   0.300000E-01   0.544915E+02   0.218480E+00   0.544508E+02   0.544508E+02
   0.310000E-01   0.516611E+02   0.208700E+00   0.519332E+02   0.519332E+02
   0.320000E-01   0.496607E+02   0.203190E+00   0.494875E+02   0.494875E+02
   0.330000E-01   0.475236E+02   0.193590E+00   0.471184E+02   0.471184E+02
   0.340000E-01   0.448278E+02   0.184030E+00   0.448296E+02   0.448296E+02
   0.350000E-01   0.426499E+02   0.181750E+00   0.426243E+02   0.426243E+02
   0.360000E-01   0.405338E+02   0.171940E+00   0.405049E+02   0.405049E+02
   0.370000E-01   0.387385E+02   0.166440E+00   0.384730E+02   0.384730E+02
   0.380000E-01   0.366088E+02   0.159920E+00   0.365298E+02   0.365298E+02
   0.390000E-01   0.348519E+02   0.156610E+00   0.346757E+02   0.346757E+02
   0.400000E-01   0.329063E+02   0.151220E+00   0.329106E+02   0.329106E+02
   0.410000E-01   0.315545E+02   0.141180E+00   0.312340E+02   0.312340E+02
   0.420000E-01   0.294818E+02   0.139290E+00   0.296449E+02   0.296449E+02
   0.430000E-01   0.281996E+02   0.136770E+00   0.281417E+02   0.281417E+02
   0.440000E-01   0.271796E+02   0.130410E+00   0.267228E+02   0.267228E+02
   0.450000E-01   0.255311E+02   0.129190E+00   0.253859E+02   0.253859E+02
   0.460000E-01   0.241091E+02   0.124630E+00   0.241287E+02   0.241287E+02
   0.470000E-01   0.230579E+02   0.122990E+00   0.229484E+02   0.229484E+02
   0.480000E-01   0.219555E+02   0.115220E+00   0.218424E+02   0.218424E+02
   0.490000E-01   0.207865E+02   0.114300E+00   0.208075E+02   0.208075E+02
   0.500000E-01   0.197034E+02   0.895300E-01   0.198406E+02   0.198406E+02
   0.520000E-01   0.181005E+02   0.741400E-01   0.180980E+02   0.180980E+02
   0.540000E-01   0.165623E+02   0.717700E-01   0.165881E+02   0.165881E+02
   0.560000E-01   0.152346E+02   0.689500E-01   0.152844E+02   0.152844E+02
   0.580000E-01   0.141606E+02   0.651600E-01   0.141607E+02   0.141607E+02
   0.600000E-01   0.131337E+02   0.634000E-01   0.131919E+02   0.131919E+02
   0.620000E-01   0.122978E+02   0.618100E-01   0.123542E+02   0.123542E+02
   0.640000E-01   0.115877E+02   0.618000E-01   0.116254E+02   0.116254E+02
   0.660000E-01   0.109450E+02   0.632500E-01   0.109854E+02   0.109854E+02
   0.680000E-01   0.105016E+02   0.610600E-01   0.104162E+02   0.104162E+02
   0.700000E-01   0.986360E+01   0.593200E-01   0.990185E+01   0.990185E+01
   0.720000E-01   0.956788E+01   0.589900E-01   0.942895E+01   0.942895E+01
   0.740000E-01   0.911675E+01   0.593400E-01   0.898627E+01   0.898627E+01
   0.760000E-01   0.856290E+01   0.593900E-01   0.856493E+01   0.856493E+01
   0.780000E-01   0.813005E+01   0.598600E-01   0.815823E+01   0.815823E+01
   0.800000E-01   0.770239E+01   0.569000E-01   0.776156E+01   0.776156E+01
   0.820000E-01   0.733051E+01   0.548800E-01   0.737215E+01   0.737215E+01
   0.840000E-01   0.705046E+01   0.549100E-01   0.698883E+01   0.698883E+01
   0.860000E-01   0.658524E+01   0.527700E-01   0.661172E+01   0.661172E+01
   0.880000E-01   0.624767E+01   0.515500E-01   0.624190E+01   0.624190E+01
   0.900000E-01   0.584840E+01   0.511800E-01   0.588109E+01   0.588109E+01
   0.920000E-01   0.555437E+01   0.491900E-01   0.553130E+01   0.553130E+01
   0.940000E-01   0.522809E+01   0.480600E-01   0.519456E+01   0.519456E+01
   0.960000E-01   0.490368E+01   0.473700E-01   0.487265E+01   0.487265E+01
   0.980000E-01   0.463201E+01   0.491900E-01   0.456696E+01   0.456696E+01
   0.100000E+00   0.421079E+01   0.354700E-01   0.427835E+01   0.427835E+01
   0.105000E+00   0.366317E+01   0.283300E-01   0.363224E+01   0.363224E+01
   0.110000E+00   0.309385E+01   0.845600E-01   0.308546E+01   0.308546E+01
   0.115000E+00   0.259005E+01   0.679300E-01   0.262084E+01   0.262084E+01
   0.120000E+00   0.214667E+01   0.567200E-01   0.222433E+01   0.222433E+01
   0.125000E+00   0.189422E+01   0.547000E-01   0.189151E+01   0.189151E+01
   0.130000E+00   0.162204E+01   0.500500E-01   0.162478E+01   0.162478E+01
   0.135000E+00   0.142248E+01   0.485800E-01   0.142485E+01   0.142485E+01
   0.140000E+00   0.127130E+01   0.485200E-01   0.128352E+01   0.128352E+01
   0.145000E+00   0.117276E+01   0.461100E-01   0.118318E+01   0.118318E+01
   0.150000E+00   0.110003E+01   0.478200E-01   0.110320E+01   0.110320E+01
   0.155000E+00   0.101342E+01   0.439600E-01   0.102841E+01   0.102841E+01

           ####      Real Space Data                               ####

           Distance distribution  function of particle  


      R          P(R)      ERROR

  0.0000E+00  0.0000E+00  0.0000E+00
  0.2670E+01  0.5936E-02  0.1478E-03
  0.5340E+01  0.1323E-01  0.2044E-03
  0.8010E+01  0.2171E-01  0.1858E-03
  0.1068E+02  0.3109E-01  0.1199E-03
  0.1335E+02  0.4102E-01  0.7944E-04
  0.1602E+02  0.5109E-01  0.1501E-03
  0.1869E+02  0.6091E-01  0.2340E-03
  0.2136E+02  0.7007E-01  0.2873E-03
  0.2403E+02  0.7827E-01  0.2984E-03
  0.2670E+02  0.8525E-01  0.2696E-03
  0.2937E+02  0.9086E-01  0.2179E-03
  0.3204E+02  0.9506E-01  0.1816E-03
  0.3471E+02  0.9790E-01  0.2021E-03
  0.3738E+02  0.9952E-01  0.2596E-03
  0.4005E+02  0.1001E+00  0.3107E-03
  0.4272E+02  0.9997E-01  0.3328E-03
  0.4539E+02  0.9931E-01  0.3211E-03
  0.4806E+02  0.9840E-01  0.2862E-03
  0.5073E+02  0.9745E-01  0.2561E-03
  0.5340E+02  0.9663E-01  0.2656E-03
  0.5607E+02  0.9604E-01  0.3167E-03
  0.5874E+02  0.9572E-01  0.3779E-03
  0.6141E+02  0.9563E-01  0.4214E-03
  0.6408E+02  0.9571E-01  0.4338E-03
  0.6675E+02  0.9582E-01  0.4154E-03
  0.6942E+02  0.9583E-01  0.3801E-03
  0.7209E+02  0.9559E-01  0.3533E-03
  0.7476E+02  0.9496E-01  0.3591E-03
  0.7743E+02  0.9384E-01  0.3962E-03
  0.8010E+02  0.9214E-01  0.4405E-03
  0.8277E+02  0.8982E-01  0.4687E-03
  0.8544E+02  0.8688E-01  0.4701E-03
  0.8811E+02  0.8337E-01  0.4487E-03
  0.9078E+02  0.7935E-01  0.4217E-03
  0.9345E+02  0.7491E-01  0.4139E-03
  0.9613E+02  0.7016E-01  0.4384E-03
  0.9880E+02  0.6522E-01  0.4831E-03
  0.1015E+03  0.6018E-01  0.5229E-03
  0.1041E+03  0.5517E-01  0.5382E-03
  0.1068E+03  0.5026E-01  0.5225E-03
  0.1095E+03  0.4552E-01  0.4850E-03
  0.1121E+03  0.4101E-01  0.4517E-03
  0.1148E+03  0.3676E-01  0.4561E-03
  0.1175E+03  0.3279E-01  0.5095E-03
  0.1202E+03  0.2912E-01  0.5883E-03
  0.1228E+03  0.2573E-01  0.6595E-03
  0.1255E+03  0.2262E-01  0.6994E-03
  0.1282E+03  0.1978E-01  0.6982E-03
  0.1308E+03  0.1719E-01  0.6600E-03
  0.1335E+03  0.1482E-01  0.6032E-03
  0.1362E+03  0.1268E-01  0.5580E-03
  0.1388E+03  0.1075E-01  0.5540E-03
  0.1415E+03  0.9023E-02  0.5956E-03
  0.1442E+03  0.7500E-02  0.6588E-03
  0.1469E+03  0.6182E-02  0.7151E-03
  0.1495E+03  0.5076E-02  0.7474E-03
  0.1522E+03  0.4186E-02  0.7527E-03
  0.1549E+03  0.3516E-02  0.7396E-03
  0.1575E+03  0.3065E-02  0.7237E-03
  0.1602E+03  0.2824E-02  0.7197E-03
  0.1629E+03  0.2771E-02  0.7334E-03
  0.1655E+03  0.2872E-02  0.7593E-03
  0.1682E+03  0.3076E-02  0.7864E-03
  0.1709E+03  0.3314E-02  0.8048E-03
  0.1736E+03  0.3502E-02  0.8070E-03
  0.1762E+03  0.3542E-02  0.7843E-03
  0.1789E+03  0.3324E-02  0.7212E-03
  0.1816E+03  0.2735E-02  0.5923E-03
  0.1842E+03  0.1661E-02  0.3642E-03
  0.1869E+03  0.0000E+00  0.0000E+00
